<?xml version="1.0" encoding="UTF-8"?>
<testsuite xmlns:xsi="http://www.w3.org/2001/XMLSchema-instance" xsi:noNamespaceSchemaLocation="https://maven.apache.org/surefire/maven-surefire-plugin/xsd/surefire-test-report.xsd" name="TestSuite" time="779.293" tests="56" errors="0" skipped="0" failures="9">
  <properties>
[...]
</properties>
  <testcase name="addressFormsTest" classname="com.tests.addresses.AddressTests" time="11.781"/>
  <testcase name="addressFormsTest" classname="com.tests.addresses.AddressTests" time="10.723"/>
  <testcase name="addressFormsTest" classname="com.tests.addresses.AddressTests" time="10.487"/>
  <testcase name="addressFormsTest" classname="com.tests.addresses.AddressTests" time="10.623"/>
  <testcase name="addressFormsTest" classname="com.tests.addresses.AddressTests" time="10.73"/>
  <testcase name="addressFormsTest" classname="com.tests.addresses.AddressTests" time="10.549"/>
  <testcase name="addressFormsTest" classname="com.tests.addresses.AddressTests" time="10.022"/>
  <testcase name="addressFormsTest" classname="com.tests.addresses.AddressTests" time="9.435"/>
  <testcase name="addressFormsTest" classname="com.tests.addresses.AddressTests" time="9.65"/>
  <testcase name="VerifyAddressForms" classname="com.tests.addresses.ValidateAddressTests" time="7.23"/>
  <testcase name="VerifyAddressForms" classname="com.tests.addresses.ValidateAddressTests" time="7.337"/>
  <testcase name="VerifyAddressForms" classname="com.tests.addresses.ValidateAddressTests" time="6.886"/>
  <testcase name="VerifyAddressForms" classname="com.tests.addresses.ValidateAddressTests" time="6.842"/>
  <testcase name="VerifyAddressForms" classname="com.tests.addresses.ValidateAddressTests" time="6.9"/>
  <testcase name="VerifyAddressForms" classname="com.tests.addresses.ValidateAddressTests" time="7.42"/>
  <testcase name="VerifyAddressForms" classname="com.tests.addresses.ValidateAddressTests" time="7.002"/>
  <testcase name="destroyLink" classname="com.tests.addresslinks.DestroyLinkTests" time="6.728"/>
  <testcase name="destroyLink" classname="com.tests.addresslinks.DestroyLinkTests" time="6.466"/>
  <testcase name="destroyLink" classname="com.tests.addresslinks.DestroyLinkTests" time="6.196"/>
  <testcase name="destroyLink" classname="com.tests.addresslinks.DestroyLinkTests" time="6.26"/>
  <testcase name="destroyLink" classname="com.tests.addresslinks.DestroyLinkTests" time="6.669"/>
  <testcase name="destroyLink" classname="com.tests.addresslinks.DestroyLinkTests" time="6.53"/>
  <testcase name="destroyLink" classname="com.tests.addresslinks.DestroyLinkTests" time="6.436"/>
  <testcase name="destroyLink" classname="com.tests.addresslinks.DestroyLinkTests" time="1.07">
    <failure message="expected [http://a.testaddressbook.com/] but found [http://a.testaddressbook.com/session]" type="java.lang.AssertionError">java.lang.AssertionError: expected [http://a.testaddressbook.com/] but found [http://a.testaddressbook.com/session]
	at com.tests.addresslinks.DestroyLinkTests.destroyLink(DestroyLinkTests.java:25)
</failure>
    <system-err><![CDATA[Starting ChromeDriver 89.0.4389.23 (61b08ee2c50024bab004e48d2b1b083cdbdac579-refs/branch-heads/4389@{#294}) on port 27395
Only local connections are allowed.
Please see https://chromedriver.chromium.org/security-considerations for suggestions on keeping ChromeDriver safe.
ChromeDriver was started successfully.
Apr 05, 2021 3:20:00 PM org.openqa.selenium.remote.ProtocolHandshake createSession
INFO: Detected dialect: W3C
]]></system-err>
  </testcase>
  <testcase name="EditLink" classname="com.tests.addresslinks.EditLinkTests" time="8.103">
    <failure message="no such element: Unable to locate element: {&quot;method&quot;:&quot;xpath&quot;,&quot;selector&quot;:&quot;/html/body/div/table/tbody/tr/td[6]/a&quot;}&#10;  (Session info: chrome=89.0.4389.114)&#10;For documentation on this error, please visit: https://www.seleniumhq.org/exceptions/no_such_element.html&#10;Build info: version: &apos;3.141.59&apos;, revision: &apos;e82be7d358&apos;, time: &apos;2018-11-14T08:17:03&apos;&#10;System info: host: &apos;IN-BAV-L0832&apos;, ip: &apos;192.168.112.27&apos;, os.name: &apos;Windows 10&apos;, os.arch: &apos;amd64&apos;, os.version: &apos;10.0&apos;, java.version: &apos;13.0.1&apos;&#10;Driver info: org.openqa.selenium.chrome.ChromeDriver&#10;Capabilities {acceptInsecureCerts: false, browserName: chrome, browserVersion: 89.0.4389.114, chrome: {chromedriverVersion: 89.0.4389.23 (61b08ee2c5002..., userDataDir: C:\Users\MUSKAN~1.DUR\AppDa...}, goog:chromeOptions: {debuggerAddress: localhost:63963}, javascriptEnabled: true, networkConnectionEnabled: false, pageLoadStrategy: normal, platform: WINDOWS, platformName: WINDOWS, proxy: Proxy(), setWindowRect: true, strictFileInteractability: false, timeouts: {implicit: 0, pageLoad: 300000, script: 30000}, unhandledPromptBehavior: dismiss and notify, webauthn:extension:largeBlob: true, webauthn:virtualAuthenticators: true}&#10;Session ID: 6fe53b2ea15f18e9461239b9987c7e18&#10;*** Element info: {Using=xpath, value=/html/body/div/table/tbody/tr/td[6]/a}" type="org.openqa.selenium.NoSuchElementException">org.openqa.selenium.NoSuchElementException: 
no such element: Unable to locate element: {"method":"xpath","selector":"/html/body/div/table/tbody/tr/td[6]/a"}
  (Session info: chrome=89.0.4389.114)
For documentation on this error, please visit: https://www.seleniumhq.org/exceptions/no_such_element.html
Build info: version: '3.141.59', revision: 'e82be7d358', time: '2018-11-14T08:17:03'
System info: host: 'IN-BAV-L0832', ip: '192.168.112.27', os.name: 'Windows 10', os.arch: 'amd64', os.version: '10.0', java.version: '13.0.1'
Driver info: org.openqa.selenium.chrome.ChromeDriver
Capabilities {acceptInsecureCerts: false, browserName: chrome, browserVersion: 89.0.4389.114, chrome: {chromedriverVersion: 89.0.4389.23 (61b08ee2c5002..., userDataDir: C:\Users\MUSKAN~1.DUR\AppDa...}, goog:chromeOptions: {debuggerAddress: localhost:63963}, javascriptEnabled: true, networkConnectionEnabled: false, pageLoadStrategy: normal, platform: WINDOWS, platformName: WINDOWS, proxy: Proxy(), setWindowRect: true, strictFileInteractability: false, timeouts: {implicit: 0, pageLoad: 300000, script: 30000}, unhandledPromptBehavior: dismiss and notify, webauthn:extension:largeBlob: true, webauthn:virtualAuthenticators: true}
Session ID: 6fe53b2ea15f18e9461239b9987c7e18
*** Element info: {Using=xpath, value=/html/body/div/table/tbody/tr/td[6]/a}
	at com.tests.addresslinks.EditLinkTests.EditLink(EditLinkTests.java:32)
</failure>
    <system-out><![CDATA[Screenshot captured
]]></system-out>
    <system-err><![CDATA[Starting ChromeDriver 89.0.4389.23 (61b08ee2c50024bab004e48d2b1b083cdbdac579-refs/branch-heads/4389@{#294}) on port 26796
Only local connections are allowed.
Please see https://chromedriver.chromium.org/security-considerations for suggestions on keeping ChromeDriver safe.
ChromeDriver was started successfully.
Apr 05, 2021 3:20:09 PM org.openqa.selenium.remote.ProtocolHandshake createSession
INFO: Detected dialect: W3C
]]></system-err>
  </testcase>
  <testcase name="EditLink" classname="com.tests.addresslinks.EditLinkTests" time="8.027">
    <failure message="no such element: Unable to locate element: {&quot;method&quot;:&quot;xpath&quot;,&quot;selector&quot;:&quot;/html/body/div/table/tbody/tr/td[6]/a&quot;}&#10;  (Session info: chrome=89.0.4389.114)&#10;For documentation on this error, please visit: https://www.seleniumhq.org/exceptions/no_such_element.html&#10;Build info: version: &apos;3.141.59&apos;, revision: &apos;e82be7d358&apos;, time: &apos;2018-11-14T08:17:03&apos;&#10;System info: host: &apos;IN-BAV-L0832&apos;, ip: &apos;192.168.112.27&apos;, os.name: &apos;Windows 10&apos;, os.arch: &apos;amd64&apos;, os.version: &apos;10.0&apos;, java.version: &apos;13.0.1&apos;&#10;Driver info: org.openqa.selenium.chrome.ChromeDriver&#10;Capabilities {acceptInsecureCerts: false, browserName: chrome, browserVersion: 89.0.4389.114, chrome: {chromedriverVersion: 89.0.4389.23 (61b08ee2c5002..., userDataDir: C:\Users\MUSKAN~1.DUR\AppDa...}, goog:chromeOptions: {debuggerAddress: localhost:63991}, javascriptEnabled: true, networkConnectionEnabled: false, pageLoadStrategy: normal, platform: WINDOWS, platformName: WINDOWS, proxy: Proxy(), setWindowRect: true, strictFileInteractability: false, timeouts: {implicit: 0, pageLoad: 300000, script: 30000}, unhandledPromptBehavior: dismiss and notify, webauthn:extension:largeBlob: true, webauthn:virtualAuthenticators: true}&#10;Session ID: 55c44bfdabea225c274591d88a088a4a&#10;*** Element info: {Using=xpath, value=/html/body/div/table/tbody/tr/td[6]/a}" type="org.openqa.selenium.NoSuchElementException">org.openqa.selenium.NoSuchElementException: 
no such element: Unable to locate element: {"method":"xpath","selector":"/html/body/div/table/tbody/tr/td[6]/a"}
  (Session info: chrome=89.0.4389.114)
For documentation on this error, please visit: https://www.seleniumhq.org/exceptions/no_such_element.html
Build info: version: '3.141.59', revision: 'e82be7d358', time: '2018-11-14T08:17:03'
System info: host: 'IN-BAV-L0832', ip: '192.168.112.27', os.name: 'Windows 10', os.arch: 'amd64', os.version: '10.0', java.version: '13.0.1'
Driver info: org.openqa.selenium.chrome.ChromeDriver
Capabilities {acceptInsecureCerts: false, browserName: chrome, browserVersion: 89.0.4389.114, chrome: {chromedriverVersion: 89.0.4389.23 (61b08ee2c5002..., userDataDir: C:\Users\MUSKAN~1.DUR\AppDa...}, goog:chromeOptions: {debuggerAddress: localhost:63991}, javascriptEnabled: true, networkConnectionEnabled: false, pageLoadStrategy: normal, platform: WINDOWS, platformName: WINDOWS, proxy: Proxy(), setWindowRect: true, strictFileInteractability: false, timeouts: {implicit: 0, pageLoad: 300000, script: 30000}, unhandledPromptBehavior: dismiss and notify, webauthn:extension:largeBlob: true, webauthn:virtualAuthenticators: true}
Session ID: 55c44bfdabea225c274591d88a088a4a
*** Element info: {Using=xpath, value=/html/body/div/table/tbody/tr/td[6]/a}
	at com.tests.addresslinks.EditLinkTests.EditLink(EditLinkTests.java:32)
</failure>
    <system-out><![CDATA[Screenshot captured
]]></system-out>
    <system-err><![CDATA[Starting ChromeDriver 89.0.4389.23 (61b08ee2c50024bab004e48d2b1b083cdbdac579-refs/branch-heads/4389@{#294}) on port 22590
Only local connections are allowed.
Please see https://chromedriver.chromium.org/security-considerations for suggestions on keeping ChromeDriver safe.
ChromeDriver was started successfully.
Apr 05, 2021 3:20:23 PM org.openqa.selenium.remote.ProtocolHandshake createSession
INFO: Detected dialect: W3C
]]></system-err>
  </testcase>
  <testcase name="EditLink" classname="com.tests.addresslinks.EditLinkTests" time="8.817">
    <failure message="no such element: Unable to locate element: {&quot;method&quot;:&quot;xpath&quot;,&quot;selector&quot;:&quot;/html/body/div/table/tbody/tr/td[6]/a&quot;}&#10;  (Session info: chrome=89.0.4389.114)&#10;For documentation on this error, please visit: https://www.seleniumhq.org/exceptions/no_such_element.html&#10;Build info: version: &apos;3.141.59&apos;, revision: &apos;e82be7d358&apos;, time: &apos;2018-11-14T08:17:03&apos;&#10;System info: host: &apos;IN-BAV-L0832&apos;, ip: &apos;192.168.112.27&apos;, os.name: &apos;Windows 10&apos;, os.arch: &apos;amd64&apos;, os.version: &apos;10.0&apos;, java.version: &apos;13.0.1&apos;&#10;Driver info: org.openqa.selenium.chrome.ChromeDriver&#10;Capabilities {acceptInsecureCerts: false, browserName: chrome, browserVersion: 89.0.4389.114, chrome: {chromedriverVersion: 89.0.4389.23 (61b08ee2c5002..., userDataDir: C:\Users\MUSKAN~1.DUR\AppDa...}, goog:chromeOptions: {debuggerAddress: localhost:64019}, javascriptEnabled: true, networkConnectionEnabled: false, pageLoadStrategy: normal, platform: WINDOWS, platformName: WINDOWS, proxy: Proxy(), setWindowRect: true, strictFileInteractability: false, timeouts: {implicit: 0, pageLoad: 300000, script: 30000}, unhandledPromptBehavior: dismiss and notify, webauthn:extension:largeBlob: true, webauthn:virtualAuthenticators: true}&#10;Session ID: deb76bbdabe591b9628af4ed227896e4&#10;*** Element info: {Using=xpath, value=/html/body/div/table/tbody/tr/td[6]/a}" type="org.openqa.selenium.NoSuchElementException">org.openqa.selenium.NoSuchElementException: 
no such element: Unable to locate element: {"method":"xpath","selector":"/html/body/div/table/tbody/tr/td[6]/a"}
  (Session info: chrome=89.0.4389.114)
For documentation on this error, please visit: https://www.seleniumhq.org/exceptions/no_such_element.html
Build info: version: '3.141.59', revision: 'e82be7d358', time: '2018-11-14T08:17:03'
System info: host: 'IN-BAV-L0832', ip: '192.168.112.27', os.name: 'Windows 10', os.arch: 'amd64', os.version: '10.0', java.version: '13.0.1'
Driver info: org.openqa.selenium.chrome.ChromeDriver
Capabilities {acceptInsecureCerts: false, browserName: chrome, browserVersion: 89.0.4389.114, chrome: {chromedriverVersion: 89.0.4389.23 (61b08ee2c5002..., userDataDir: C:\Users\MUSKAN~1.DUR\AppDa...}, goog:chromeOptions: {debuggerAddress: localhost:64019}, javascriptEnabled: true, networkConnectionEnabled: false, pageLoadStrategy: normal, platform: WINDOWS, platformName: WINDOWS, proxy: Proxy(), setWindowRect: true, strictFileInteractability: false, timeouts: {implicit: 0, pageLoad: 300000, script: 30000}, unhandledPromptBehavior: dismiss and notify, webauthn:extension:largeBlob: true, webauthn:virtualAuthenticators: true}
Session ID: deb76bbdabe591b9628af4ed227896e4
*** Element info: {Using=xpath, value=/html/body/div/table/tbody/tr/td[6]/a}
	at com.tests.addresslinks.EditLinkTests.EditLink(EditLinkTests.java:32)
</failure>
    <system-out><![CDATA[Screenshot captured
]]></system-out>
    <system-err><![CDATA[Starting ChromeDriver 89.0.4389.23 (61b08ee2c50024bab004e48d2b1b083cdbdac579-refs/branch-heads/4389@{#294}) on port 23977
Only local connections are allowed.
Please see https://chromedriver.chromium.org/security-considerations for suggestions on keeping ChromeDriver safe.
ChromeDriver was started successfully.
Apr 05, 2021 3:20:37 PM org.openqa.selenium.remote.ProtocolHandshake createSession
INFO: Detected dialect: W3C
]]></system-err>
  </testcase>
  <testcase name="EditLink" classname="com.tests.addresslinks.EditLinkTests" time="8.446">
    <failure message="no such element: Unable to locate element: {&quot;method&quot;:&quot;xpath&quot;,&quot;selector&quot;:&quot;/html/body/div/table/tbody/tr/td[6]/a&quot;}&#10;  (Session info: chrome=89.0.4389.114)&#10;For documentation on this error, please visit: https://www.seleniumhq.org/exceptions/no_such_element.html&#10;Build info: version: &apos;3.141.59&apos;, revision: &apos;e82be7d358&apos;, time: &apos;2018-11-14T08:17:03&apos;&#10;System info: host: &apos;IN-BAV-L0832&apos;, ip: &apos;192.168.112.27&apos;, os.name: &apos;Windows 10&apos;, os.arch: &apos;amd64&apos;, os.version: &apos;10.0&apos;, java.version: &apos;13.0.1&apos;&#10;Driver info: org.openqa.selenium.chrome.ChromeDriver&#10;Capabilities {acceptInsecureCerts: false, browserName: chrome, browserVersion: 89.0.4389.114, chrome: {chromedriverVersion: 89.0.4389.23 (61b08ee2c5002..., userDataDir: C:\Users\MUSKAN~1.DUR\AppDa...}, goog:chromeOptions: {debuggerAddress: localhost:64049}, javascriptEnabled: true, networkConnectionEnabled: false, pageLoadStrategy: normal, platform: WINDOWS, platformName: WINDOWS, proxy: Proxy(), setWindowRect: true, strictFileInteractability: false, timeouts: {implicit: 0, pageLoad: 300000, script: 30000}, unhandledPromptBehavior: dismiss and notify, webauthn:extension:largeBlob: true, webauthn:virtualAuthenticators: true}&#10;Session ID: cc27f77eaf56708f6da33817502fa126&#10;*** Element info: {Using=xpath, value=/html/body/div/table/tbody/tr/td[6]/a}" type="org.openqa.selenium.NoSuchElementException">org.openqa.selenium.NoSuchElementException: 
no such element: Unable to locate element: {"method":"xpath","selector":"/html/body/div/table/tbody/tr/td[6]/a"}
  (Session info: chrome=89.0.4389.114)
For documentation on this error, please visit: https://www.seleniumhq.org/exceptions/no_such_element.html
Build info: version: '3.141.59', revision: 'e82be7d358', time: '2018-11-14T08:17:03'
System info: host: 'IN-BAV-L0832', ip: '192.168.112.27', os.name: 'Windows 10', os.arch: 'amd64', os.version: '10.0', java.version: '13.0.1'
Driver info: org.openqa.selenium.chrome.ChromeDriver
Capabilities {acceptInsecureCerts: false, browserName: chrome, browserVersion: 89.0.4389.114, chrome: {chromedriverVersion: 89.0.4389.23 (61b08ee2c5002..., userDataDir: C:\Users\MUSKAN~1.DUR\AppDa...}, goog:chromeOptions: {debuggerAddress: localhost:64049}, javascriptEnabled: true, networkConnectionEnabled: false, pageLoadStrategy: normal, platform: WINDOWS, platformName: WINDOWS, proxy: Proxy(), setWindowRect: true, strictFileInteractability: false, timeouts: {implicit: 0, pageLoad: 300000, script: 30000}, unhandledPromptBehavior: dismiss and notify, webauthn:extension:largeBlob: true, webauthn:virtualAuthenticators: true}
Session ID: cc27f77eaf56708f6da33817502fa126
*** Element info: {Using=xpath, value=/html/body/div/table/tbody/tr/td[6]/a}
	at com.tests.addresslinks.EditLinkTests.EditLink(EditLinkTests.java:32)
</failure>
    <system-out><![CDATA[Screenshot captured
]]></system-out>
    <system-err><![CDATA[Starting ChromeDriver 89.0.4389.23 (61b08ee2c50024bab004e48d2b1b083cdbdac579-refs/branch-heads/4389@{#294}) on port 25032
Only local connections are allowed.
Please see https://chromedriver.chromium.org/security-considerations for suggestions on keeping ChromeDriver safe.
ChromeDriver was started successfully.
Apr 05, 2021 3:20:52 PM org.openqa.selenium.remote.ProtocolHandshake createSession
INFO: Detected dialect: W3C
]]></system-err>
  </testcase>
  <testcase name="EditLink" classname="com.tests.addresslinks.EditLinkTests" time="8.082">
    <failure message="no such element: Unable to locate element: {&quot;method&quot;:&quot;xpath&quot;,&quot;selector&quot;:&quot;/html/body/div/table/tbody/tr/td[6]/a&quot;}&#10;  (Session info: chrome=89.0.4389.114)&#10;For documentation on this error, please visit: https://www.seleniumhq.org/exceptions/no_such_element.html&#10;Build info: version: &apos;3.141.59&apos;, revision: &apos;e82be7d358&apos;, time: &apos;2018-11-14T08:17:03&apos;&#10;System info: host: &apos;IN-BAV-L0832&apos;, ip: &apos;192.168.112.27&apos;, os.name: &apos;Windows 10&apos;, os.arch: &apos;amd64&apos;, os.version: &apos;10.0&apos;, java.version: &apos;13.0.1&apos;&#10;Driver info: org.openqa.selenium.chrome.ChromeDriver&#10;Capabilities {acceptInsecureCerts: false, browserName: chrome, browserVersion: 89.0.4389.114, chrome: {chromedriverVersion: 89.0.4389.23 (61b08ee2c5002..., userDataDir: C:\Users\MUSKAN~1.DUR\AppDa...}, goog:chromeOptions: {debuggerAddress: localhost:64078}, javascriptEnabled: true, networkConnectionEnabled: false, pageLoadStrategy: normal, platform: WINDOWS, platformName: WINDOWS, proxy: Proxy(), setWindowRect: true, strictFileInteractability: false, timeouts: {implicit: 0, pageLoad: 300000, script: 30000}, unhandledPromptBehavior: dismiss and notify, webauthn:extension:largeBlob: true, webauthn:virtualAuthenticators: true}&#10;Session ID: 45f80d26139b854c3efba1c066644671&#10;*** Element info: {Using=xpath, value=/html/body/div/table/tbody/tr/td[6]/a}" type="org.openqa.selenium.NoSuchElementException">org.openqa.selenium.NoSuchElementException: 
no such element: Unable to locate element: {"method":"xpath","selector":"/html/body/div/table/tbody/tr/td[6]/a"}
  (Session info: chrome=89.0.4389.114)
For documentation on this error, please visit: https://www.seleniumhq.org/exceptions/no_such_element.html
Build info: version: '3.141.59', revision: 'e82be7d358', time: '2018-11-14T08:17:03'
System info: host: 'IN-BAV-L0832', ip: '192.168.112.27', os.name: 'Windows 10', os.arch: 'amd64', os.version: '10.0', java.version: '13.0.1'
Driver info: org.openqa.selenium.chrome.ChromeDriver
Capabilities {acceptInsecureCerts: false, browserName: chrome, browserVersion: 89.0.4389.114, chrome: {chromedriverVersion: 89.0.4389.23 (61b08ee2c5002..., userDataDir: C:\Users\MUSKAN~1.DUR\AppDa...}, goog:chromeOptions: {debuggerAddress: localhost:64078}, javascriptEnabled: true, networkConnectionEnabled: false, pageLoadStrategy: normal, platform: WINDOWS, platformName: WINDOWS, proxy: Proxy(), setWindowRect: true, strictFileInteractability: false, timeouts: {implicit: 0, pageLoad: 300000, script: 30000}, unhandledPromptBehavior: dismiss and notify, webauthn:extension:largeBlob: true, webauthn:virtualAuthenticators: true}
Session ID: 45f80d26139b854c3efba1c066644671
*** Element info: {Using=xpath, value=/html/body/div/table/tbody/tr/td[6]/a}
	at com.tests.addresslinks.EditLinkTests.EditLink(EditLinkTests.java:32)
</failure>
    <system-out><![CDATA[Screenshot captured
]]></system-out>
    <system-err><![CDATA[Starting ChromeDriver 89.0.4389.23 (61b08ee2c50024bab004e48d2b1b083cdbdac579-refs/branch-heads/4389@{#294}) on port 6885
Only local connections are allowed.
Please see https://chromedriver.chromium.org/security-considerations for suggestions on keeping ChromeDriver safe.
ChromeDriver was started successfully.
Apr 05, 2021 3:21:08 PM org.openqa.selenium.remote.ProtocolHandshake createSession
INFO: Detected dialect: W3C
]]></system-err>
  </testcase>
  <testcase name="EditLink" classname="com.tests.addresslinks.EditLinkTests" time="8.019">
    <failure message="no such element: Unable to locate element: {&quot;method&quot;:&quot;xpath&quot;,&quot;selector&quot;:&quot;/html/body/div/table/tbody/tr/td[6]/a&quot;}&#10;  (Session info: chrome=89.0.4389.114)&#10;For documentation on this error, please visit: https://www.seleniumhq.org/exceptions/no_such_element.html&#10;Build info: version: &apos;3.141.59&apos;, revision: &apos;e82be7d358&apos;, time: &apos;2018-11-14T08:17:03&apos;&#10;System info: host: &apos;IN-BAV-L0832&apos;, ip: &apos;192.168.112.27&apos;, os.name: &apos;Windows 10&apos;, os.arch: &apos;amd64&apos;, os.version: &apos;10.0&apos;, java.version: &apos;13.0.1&apos;&#10;Driver info: org.openqa.selenium.chrome.ChromeDriver&#10;Capabilities {acceptInsecureCerts: false, browserName: chrome, browserVersion: 89.0.4389.114, chrome: {chromedriverVersion: 89.0.4389.23 (61b08ee2c5002..., userDataDir: C:\Users\MUSKAN~1.DUR\AppDa...}, goog:chromeOptions: {debuggerAddress: localhost:64107}, javascriptEnabled: true, networkConnectionEnabled: false, pageLoadStrategy: normal, platform: WINDOWS, platformName: WINDOWS, proxy: Proxy(), setWindowRect: true, strictFileInteractability: false, timeouts: {implicit: 0, pageLoad: 300000, script: 30000}, unhandledPromptBehavior: dismiss and notify, webauthn:extension:largeBlob: true, webauthn:virtualAuthenticators: true}&#10;Session ID: 66cdaef9fb49af7a16becaa4d8e105f6&#10;*** Element info: {Using=xpath, value=/html/body/div/table/tbody/tr/td[6]/a}" type="org.openqa.selenium.NoSuchElementException">org.openqa.selenium.NoSuchElementException: 
no such element: Unable to locate element: {"method":"xpath","selector":"/html/body/div/table/tbody/tr/td[6]/a"}
  (Session info: chrome=89.0.4389.114)
For documentation on this error, please visit: https://www.seleniumhq.org/exceptions/no_such_element.html
Build info: version: '3.141.59', revision: 'e82be7d358', time: '2018-11-14T08:17:03'
System info: host: 'IN-BAV-L0832', ip: '192.168.112.27', os.name: 'Windows 10', os.arch: 'amd64', os.version: '10.0', java.version: '13.0.1'
Driver info: org.openqa.selenium.chrome.ChromeDriver
Capabilities {acceptInsecureCerts: false, browserName: chrome, browserVersion: 89.0.4389.114, chrome: {chromedriverVersion: 89.0.4389.23 (61b08ee2c5002..., userDataDir: C:\Users\MUSKAN~1.DUR\AppDa...}, goog:chromeOptions: {debuggerAddress: localhost:64107}, javascriptEnabled: true, networkConnectionEnabled: false, pageLoadStrategy: normal, platform: WINDOWS, platformName: WINDOWS, proxy: Proxy(), setWindowRect: true, strictFileInteractability: false, timeouts: {implicit: 0, pageLoad: 300000, script: 30000}, unhandledPromptBehavior: dismiss and notify, webauthn:extension:largeBlob: true, webauthn:virtualAuthenticators: true}
Session ID: 66cdaef9fb49af7a16becaa4d8e105f6
*** Element info: {Using=xpath, value=/html/body/div/table/tbody/tr/td[6]/a}
	at com.tests.addresslinks.EditLinkTests.EditLink(EditLinkTests.java:32)
</failure>
    <system-out><![CDATA[Screenshot captured
]]></system-out>
    <system-err><![CDATA[Starting ChromeDriver 89.0.4389.23 (61b08ee2c50024bab004e48d2b1b083cdbdac579-refs/branch-heads/4389@{#294}) on port 1717
Only local connections are allowed.
Please see https://chromedriver.chromium.org/security-considerations for suggestions on keeping ChromeDriver safe.
ChromeDriver was started successfully.
Apr 05, 2021 3:21:23 PM org.openqa.selenium.remote.ProtocolHandshake createSession
INFO: Detected dialect: W3C
]]></system-err>
  </testcase>
  <testcase name="EditLink" classname="com.tests.addresslinks.EditLinkTests" time="7.872">
    <failure message="no such element: Unable to locate element: {&quot;method&quot;:&quot;xpath&quot;,&quot;selector&quot;:&quot;/html/body/div/table/tbody/tr/td[6]/a&quot;}&#10;  (Session info: chrome=89.0.4389.114)&#10;For documentation on this error, please visit: https://www.seleniumhq.org/exceptions/no_such_element.html&#10;Build info: version: &apos;3.141.59&apos;, revision: &apos;e82be7d358&apos;, time: &apos;2018-11-14T08:17:03&apos;&#10;System info: host: &apos;IN-BAV-L0832&apos;, ip: &apos;192.168.112.27&apos;, os.name: &apos;Windows 10&apos;, os.arch: &apos;amd64&apos;, os.version: &apos;10.0&apos;, java.version: &apos;13.0.1&apos;&#10;Driver info: org.openqa.selenium.chrome.ChromeDriver&#10;Capabilities {acceptInsecureCerts: false, browserName: chrome, browserVersion: 89.0.4389.114, chrome: {chromedriverVersion: 89.0.4389.23 (61b08ee2c5002..., userDataDir: C:\Users\MUSKAN~1.DUR\AppDa...}, goog:chromeOptions: {debuggerAddress: localhost:64133}, javascriptEnabled: true, networkConnectionEnabled: false, pageLoadStrategy: normal, platform: WINDOWS, platformName: WINDOWS, proxy: Proxy(), setWindowRect: true, strictFileInteractability: false, timeouts: {implicit: 0, pageLoad: 300000, script: 30000}, unhandledPromptBehavior: dismiss and notify, webauthn:extension:largeBlob: true, webauthn:virtualAuthenticators: true}&#10;Session ID: 5bcb5d5500b953dbddcaaadc91f5b70d&#10;*** Element info: {Using=xpath, value=/html/body/div/table/tbody/tr/td[6]/a}" type="org.openqa.selenium.NoSuchElementException">org.openqa.selenium.NoSuchElementException: 
no such element: Unable to locate element: {"method":"xpath","selector":"/html/body/div/table/tbody/tr/td[6]/a"}
  (Session info: chrome=89.0.4389.114)
For documentation on this error, please visit: https://www.seleniumhq.org/exceptions/no_such_element.html
Build info: version: '3.141.59', revision: 'e82be7d358', time: '2018-11-14T08:17:03'
System info: host: 'IN-BAV-L0832', ip: '192.168.112.27', os.name: 'Windows 10', os.arch: 'amd64', os.version: '10.0', java.version: '13.0.1'
Driver info: org.openqa.selenium.chrome.ChromeDriver
Capabilities {acceptInsecureCerts: false, browserName: chrome, browserVersion: 89.0.4389.114, chrome: {chromedriverVersion: 89.0.4389.23 (61b08ee2c5002..., userDataDir: C:\Users\MUSKAN~1.DUR\AppDa...}, goog:chromeOptions: {debuggerAddress: localhost:64133}, javascriptEnabled: true, networkConnectionEnabled: false, pageLoadStrategy: normal, platform: WINDOWS, platformName: WINDOWS, proxy: Proxy(), setWindowRect: true, strictFileInteractability: false, timeouts: {implicit: 0, pageLoad: 300000, script: 30000}, unhandledPromptBehavior: dismiss and notify, webauthn:extension:largeBlob: true, webauthn:virtualAuthenticators: true}
Session ID: 5bcb5d5500b953dbddcaaadc91f5b70d
*** Element info: {Using=xpath, value=/html/body/div/table/tbody/tr/td[6]/a}
	at com.tests.addresslinks.EditLinkTests.EditLink(EditLinkTests.java:32)
</failure>
    <system-out><![CDATA[Screenshot captured
]]></system-out>
    <system-err><![CDATA[Starting ChromeDriver 89.0.4389.23 (61b08ee2c50024bab004e48d2b1b083cdbdac579-refs/branch-heads/4389@{#294}) on port 23945
Only local connections are allowed.
Please see https://chromedriver.chromium.org/security-considerations for suggestions on keeping ChromeDriver safe.
ChromeDriver was started successfully.
Apr 05, 2021 3:21:37 PM org.openqa.selenium.remote.ProtocolHandshake createSession
INFO: Detected dialect: W3C
]]></system-err>
  </testcase>
  <testcase name="EditLink" classname="com.tests.addresslinks.EditLinkTests" time="7.714">
    <failure message="no such element: Unable to locate element: {&quot;method&quot;:&quot;xpath&quot;,&quot;selector&quot;:&quot;/html/body/div/table/tbody/tr/td[6]/a&quot;}&#10;  (Session info: chrome=89.0.4389.114)&#10;For documentation on this error, please visit: https://www.seleniumhq.org/exceptions/no_such_element.html&#10;Build info: version: &apos;3.141.59&apos;, revision: &apos;e82be7d358&apos;, time: &apos;2018-11-14T08:17:03&apos;&#10;System info: host: &apos;IN-BAV-L0832&apos;, ip: &apos;192.168.112.27&apos;, os.name: &apos;Windows 10&apos;, os.arch: &apos;amd64&apos;, os.version: &apos;10.0&apos;, java.version: &apos;13.0.1&apos;&#10;Driver info: org.openqa.selenium.chrome.ChromeDriver&#10;Capabilities {acceptInsecureCerts: false, browserName: chrome, browserVersion: 89.0.4389.114, chrome: {chromedriverVersion: 89.0.4389.23 (61b08ee2c5002..., userDataDir: C:\Users\MUSKAN~1.DUR\AppDa...}, goog:chromeOptions: {debuggerAddress: localhost:64158}, javascriptEnabled: true, networkConnectionEnabled: false, pageLoadStrategy: normal, platform: WINDOWS, platformName: WINDOWS, proxy: Proxy(), setWindowRect: true, strictFileInteractability: false, timeouts: {implicit: 0, pageLoad: 300000, script: 30000}, unhandledPromptBehavior: dismiss and notify, webauthn:extension:largeBlob: true, webauthn:virtualAuthenticators: true}&#10;Session ID: 5e09a183c8b44077926dfa81032e0a7a&#10;*** Element info: {Using=xpath, value=/html/body/div/table/tbody/tr/td[6]/a}" type="org.openqa.selenium.NoSuchElementException">org.openqa.selenium.NoSuchElementException: 
no such element: Unable to locate element: {"method":"xpath","selector":"/html/body/div/table/tbody/tr/td[6]/a"}
  (Session info: chrome=89.0.4389.114)
For documentation on this error, please visit: https://www.seleniumhq.org/exceptions/no_such_element.html
Build info: version: '3.141.59', revision: 'e82be7d358', time: '2018-11-14T08:17:03'
System info: host: 'IN-BAV-L0832', ip: '192.168.112.27', os.name: 'Windows 10', os.arch: 'amd64', os.version: '10.0', java.version: '13.0.1'
Driver info: org.openqa.selenium.chrome.ChromeDriver
Capabilities {acceptInsecureCerts: false, browserName: chrome, browserVersion: 89.0.4389.114, chrome: {chromedriverVersion: 89.0.4389.23 (61b08ee2c5002..., userDataDir: C:\Users\MUSKAN~1.DUR\AppDa...}, goog:chromeOptions: {debuggerAddress: localhost:64158}, javascriptEnabled: true, networkConnectionEnabled: false, pageLoadStrategy: normal, platform: WINDOWS, platformName: WINDOWS, proxy: Proxy(), setWindowRect: true, strictFileInteractability: false, timeouts: {implicit: 0, pageLoad: 300000, script: 30000}, unhandledPromptBehavior: dismiss and notify, webauthn:extension:largeBlob: true, webauthn:virtualAuthenticators: true}
Session ID: 5e09a183c8b44077926dfa81032e0a7a
*** Element info: {Using=xpath, value=/html/body/div/table/tbody/tr/td[6]/a}
	at com.tests.addresslinks.EditLinkTests.EditLink(EditLinkTests.java:32)
</failure>
    <system-out><![CDATA[Screenshot captured
]]></system-out>
    <system-err><![CDATA[Starting ChromeDriver 89.0.4389.23 (61b08ee2c50024bab004e48d2b1b083cdbdac579-refs/branch-heads/4389@{#294}) on port 46135
Only local connections are allowed.
Please see https://chromedriver.chromium.org/security-considerations for suggestions on keeping ChromeDriver safe.
ChromeDriver was started successfully.
Apr 05, 2021 3:21:52 PM org.openqa.selenium.remote.ProtocolHandshake createSession
INFO: Detected dialect: W3C
]]></system-err>
  </testcase>
  <testcase name="homeTest" classname="com.tests.home.HomePageTests" time="0.113"/>
  <testcase name="signInTest" classname="com.tests.registration.SignInTests" time="10.925"/>
  <testcase name="signInTest" classname="com.tests.registration.SignInTests" time="10.78"/>
  <testcase name="signInTest" classname="com.tests.registration.SignInTests" time="11.312"/>
  <testcase name="signInTest" classname="com.tests.registration.SignInTests" time="10.805"/>
  <testcase name="signInTest" classname="com.tests.registration.SignInTests" time="10.792"/>
  <testcase name="signInTest" classname="com.tests.registration.SignInTests" time="10.174"/>
  <testcase name="signInTest" classname="com.tests.registration.SignInTests" time="10.32"/>
  <testcase name="signInTest" classname="com.tests.registration.SignInTests" time="10.559"/>
  <testcase name="signInTest" classname="com.tests.registration.SignInTests" time="10.381"/>
  <testcase name="signInTest" classname="com.tests.registration.SignInTests" time="3.553"/>
  <testcase name="signInTest" classname="com.tests.registration.SignInTests" time="10.783"/>
  <testcase name="beforeSignUpTest" classname="com.tests.registration.SignUpTests" time="6.233"/>
  <testcase name="signUpTest" classname="com.tests.registration.SignUpTests" time="5.452"/>
  <testcase name="signUpTest" classname="com.tests.registration.SignUpTests" time="5.364"/>
  <testcase name="signUpTest" classname="com.tests.registration.SignUpTests" time="5.532"/>
  <testcase name="signUpTest" classname="com.tests.registration.SignUpTests" time="5.501"/>
  <testcase name="signUpTest" classname="com.tests.registration.SignUpTests" time="5.619"/>
  <testcase name="signUpTest" classname="com.tests.registration.SignUpTests" time="5.391"/>
  <testcase name="signUpTest" classname="com.tests.registration.SignUpTests" time="5.522"/>
  <testcase name="signUpTest" classname="com.tests.registration.SignUpTests" time="5.307"/>
  <testcase name="signUpTest" classname="com.tests.registration.SignUpTests" time="5.276"/>
  <testcase name="signUpTest" classname="com.tests.registration.SignUpTests" time="4.99"/>
  <testcase name="signUpTest" classname="com.tests.registration.SignUpTests" time="5.345"/>
</testsuite>